nohup: ignoring input
==166409== Memcheck, a memory error detector
==166409== Copyright (C) 2002-2017, and GNU GPL'd, by Julian Seward et al.
==166409== Using Valgrind-3.15.0 and LibVEX; rerun with -h for copyright info
==166409== Command: ./solve_heatcond
==166409== 
--> dimension   = 2
(fread: Using pre-registered value for variable): mesh/xmin -> 0 
--> xmin        = 0.000000
(fread: Using pre-registered value for variable): mesh/xmax -> 1 
--> xmax        = 1.000000
--> grid        = 5
--> fd_method   = 4
--> verify_mode = 1
--> output_mode = 1
--> k           = 1.000000
--> iter_method = Gauss-Seidel
--> eps         = 0.000000
--> max_iter    = 250000
--> output_file = sol.dat
--------> VERIFICATION MODE <--------
L2 Norm of error for n 5 is 0.00304146

Debug Mode - printing AA = [1 0 0 0 0 0 0 0 0 0 0 0 0 0 0 0 0 0 0 0 0 0 0 0 0 ;
0 1 0 0 0 0 0 0 0 0 0 0 0 0 0 0 0 0 0 0 0 0 0 0 0 ;
0 0 1 0 0 0 0 0 0 0 0 0 0 0 0 0 0 0 0 0 0 0 0 0 0 ;
0 0 0 1 0 0 0 0 0 0 0 0 0 0 0 0 0 0 0 0 0 0 0 0 0 ;
0 0 0 0 1 0 0 0 0 0 0 0 0 0 0 0 0 0 0 0 0 0 0 0 0 ;
0 0 0 0 0 1 0 0 0 0 0 0 0 0 0 0 0 0 0 0 0 0 0 0 0 ;
0 0 0 0 0 0 1 0 0 0 0 0 0 0 0 0 0 0 0 0 0 0 0 0 0 ;
0 0 0 0 0 0 0 1 0 0 0 0 0 0 0 0 0 0 0 0 0 0 0 0 0 ;
0 0 0 0 0 0 0 0 1 0 0 0 0 0 0 0 0 0 0 0 0 0 0 0 0 ;
0 0 0 0 0 0 0 0 0 1 0 0 0 0 0 0 0 0 0 0 0 0 0 0 0 ;
0 0 0 0 0 0 0 0 0 0 1 0 0 0 0 0 0 0 0 0 0 0 0 0 0 ;
0 0 0 0 0 0 0 0 0 0 0 1 0 0 0 0 0 0 0 0 0 0 0 0 0 ;
0 0 1 0 0 0 0 -16 0 0 1 -16 60 -16 1 0 0 -16 0 0 0 0 1 0 0 ;
0 0 0 0 0 0 0 0 0 0 0 0 0 1 0 0 0 0 0 0 0 0 0 0 0 ;
0 0 0 0 0 0 0 0 0 0 0 0 0 0 1 0 0 0 0 0 0 0 0 0 0 ;
0 0 0 0 0 0 0 0 0 0 0 0 0 0 0 1 0 0 0 0 0 0 0 0 0 ;
0 0 0 0 0 0 0 0 0 0 0 0 0 0 0 0 1 0 0 0 0 0 0 0 0 ;
0 0 0 0 0 0 0 0 0 0 0 0 0 0 0 0 0 1 0 0 0 0 0 0 0 ;
0 0 0 0 0 0 0 0 0 0 0 0 0 0 0 0 0 0 1 0 0 0 0 0 0 ;
0 0 0 0 0 0 0 0 0 0 0 0 0 0 0 0 0 0 0 1 0 0 0 0 0 ;
0 0 0 0 0 0 0 0 0 0 0 0 0 0 0 0 0 0 0 0 1 0 0 0 0 ;
0 0 0 0 0 0 0 0 0 0 0 0 0 0 0 0 0 0 0 0 0 1 0 0 0 ;
0 0 0 0 0 0 0 0 0 0 0 0 0 0 0 0 0 0 0 0 0 0 1 0 0 ;
0 0 0 0 0 0 0 0 0 0 0 0 0 0 0 0 0 0 0 0 0 0 0 1 0 ;
0 0 0 0 0 0 0 0 0 0 0 0 0 0 0 0 0 0 0 0 0 0 0 0 1 ;
]

Debug Mode - printing q 
q = [1 ;
-0 ;
-1 ;
-0 ;
1 ;
-0 ;
0 ;
0 ;
0 ;
-0 ;
-1 ;
0 ;
38 ;
0 ;
-1 ;
-0 ;
0 ;
0 ;
0 ;
-0 ;
1 ;
-0 ;
-1 ;
-0 ;
1 ;
]

Debug Mode - printing T 
T = [1 ;
-0 ;
-1 ;
-0 ;
1 ;
-0 ;
0 ;
0 ;
0 ;
-0 ;
-1 ;
0 ;
1 ;
0 ;
-1 ;
-0 ;
0 ;
0 ;
0 ;
-0 ;
1 ;
-0 ;
-1 ;
-0 ;
1 ;
]

Debug Mode - printing Texact Tcomputed 
q          	T_exact[C] 	T_computed [C]
0.654508   	0.654508   	0.654508   
-0.250000  	-0.250000  	-0.250000  
-0.809017  	-0.809017  	-0.809017  
-0.250000  	-0.250000  	-0.250000  
0.654508   	0.654508   	0.654508   
-0.250000  	-0.250000  	-0.250000  
0.095492   	0.095492   	0.095492   
0.309017   	0.309017   	0.309017   
0.095492   	0.095492   	0.095492   
-0.250000  	-0.250000  	-0.250000  
-0.809017  	-0.809017  	-0.809017  
0.309017   	0.309017   	0.309017   
37.899281  	1.000000   	1.015207   
0.309017   	0.309017   	0.309017   
-0.809017  	-0.809017  	-0.809017  
-0.250000  	-0.250000  	-0.250000  
0.095492   	0.095492   	0.095492   
0.309017   	0.309017   	0.309017   
0.095492   	0.095492   	0.095492   
-0.250000  	-0.250000  	-0.250000  
0.654508   	0.654508   	0.654508   
-0.250000  	-0.250000  	-0.250000  
-0.809017  	-0.809017  	-0.809017  
-0.250000  	-0.250000  	-0.250000  
0.654508   	0.654508   	0.654508   
]

-------------------------------------------------------------------------------------------------------
GRVY Performance timing - Performance Timings:                  |      Mean      Variance       Count
--> q_2D_order4                 : 5.96940e-01 secs ( 69.2872 %) | [5.96940e-01  0.00000e+00          1]
--> main                        : 1.67837e-01 secs ( 19.4810 %) | [1.67837e-01  0.00000e+00          1]
--> Texact_2D_order4            : 5.86882e-02 secs (  6.8120 %) | [5.86882e-02  0.00000e+00          1]
--> printing_matrix_A           : 1.19801e-02 secs (  1.3905 %) | [1.19801e-02  0.00000e+00          1]
--> verification_mode           : 5.50508e-03 secs (  0.6390 %) | [5.50508e-03  0.00000e+00          1]
--> gauss_seidel                : 2.79164e-03 secs (  0.3240 %) | [2.79164e-03  0.00000e+00          1]
--> printing_array_q            : 2.59185e-03 secs (  0.3008 %) | [2.59185e-03  0.00000e+00          1]
--> A_2D_order4                 : 2.48599e-03 secs (  0.2886 %) | [2.48599e-03  0.00000e+00          1]
--> printing_q_Tcomputed_Texact : 2.08807e-03 secs (  0.2424 %) | [2.08807e-03  0.00000e+00          1]
--> main_assemble_A             : 1.77693e-03 secs (  0.2062 %) | [1.77693e-03  0.00000e+00          1]
--> L2_norm                     : 1.19424e-03 secs (  0.1386 %) | [1.70606e-04  6.10601e-08          7]
--> printing_array_T            : 1.12915e-03 secs (  0.1311 %) | [1.12915e-03  0.00000e+00          1]
--> main_assemble_Texact        : 9.72033e-04 secs (  0.1128 %) | [9.72033e-04  0.00000e+00          1]
--> main_solver                 : 6.44922e-04 secs (  0.0749 %) | [6.44922e-04  0.00000e+00          1]
--> main_assemble_q             : 4.25100e-04 secs (  0.0493 %) | [4.25100e-04  0.00000e+00          1]
--> GRVY_Unassigned             : 4.49347e-03 secs (  0.5216 %)

            Total Measured Time = 8.61544e-01 secs (100.0000 %)
-------------------------------------------------------------------------------------------------------

==166409== 
==166409== HEAP SUMMARY:
==166409==     in use at exit: 117,481 bytes in 1,256 blocks
==166409==   total heap usage: 2,958 allocs, 1,702 frees, 337,246 bytes allocated
==166409== 
==166409== LEAK SUMMARY:
==166409==    definitely lost: 17,912 bytes in 48 blocks
==166409==    indirectly lost: 76,689 bytes in 990 blocks
==166409==      possibly lost: 19,006 bytes in 209 blocks
==166409==    still reachable: 3,874 bytes in 9 blocks
==166409==         suppressed: 0 bytes in 0 blocks
==166409== Rerun with --leak-check=full to see details of leaked memory
==166409== 
==166409== For lists of detected and suppressed errors, rerun with: -s
==166409== ERROR SUMMARY: 0 errors from 0 contexts (suppressed: 0 from 0)
